<?xml version="1.0" encoding="UTF-8"?>
<!-- Generated by org.testng.reporters.JUnitXMLReporter -->
<testsuite ignored="0" hostname="DESKTOP-JE5EOFQ" failures="0" tests="4" name="Test" time="0.106" errors="0" timestamp="2023-05-21T15:08:17 IST">
  <testcase classname="Scripts.Test2" name="tcl" time="0.017"/>
  <testcase classname="Scripts.Test3" name="tcl" time="0.004"/>
  <testcase classname="Scripts.Test0" name="tcl" time="0.003"/>
  <testcase classname="Scripts.Test1" name="tcl" time="0.002"/>
</testsuite> <!-- Test -->
