<?xml version="1.0" encoding="UTF-8"?>
<testng-results ignored="0" total="4" passed="4" failed="0" skipped="0">
  <reporter-output>
    <line>
      <![CDATA[Hello pyton]]>
    </line>
    <line>
      <![CDATA[Hello python selenoium]]>
    </line>
    <line>
      <![CDATA[Hello java]]>
    </line>
    <line>
      <![CDATA[Hello selenium]]>
    </line>
  </reporter-output>
  <suite started-at="2023-05-21T15:08:17 IST" name="Suite" finished-at="2023-05-21T15:08:17 IST" duration-ms="106">
    <groups>
    </groups>
    <test started-at="2023-05-21T15:08:17 IST" name="Test" finished-at="2023-05-21T15:08:17 IST" duration-ms="106">
      <class name="Scripts.Test0">
        <test-method signature="tcl()[pri:0, instance:Scripts.Test0@5bd03f44]" started-at="2023-05-21T15:08:17 IST" name="tcl" finished-at="2023-05-21T15:08:17 IST" duration-ms="3" status="PASS">
          <reporter-output>
            <line>
              <![CDATA[Hello java]]>
            </line>
          </reporter-output>
        </test-method> <!-- tcl -->
      </class> <!-- Scripts.Test0 -->
      <class name="Scripts.Test1">
        <test-method signature="tcl()[pri:0, instance:Scripts.Test1@29626d54]" started-at="2023-05-21T15:08:17 IST" name="tcl" finished-at="2023-05-21T15:08:17 IST" duration-ms="2" status="PASS">
          <reporter-output>
            <line>
              <![CDATA[Hello selenium]]>
            </line>
          </reporter-output>
        </test-method> <!-- tcl -->
      </class> <!-- Scripts.Test1 -->
      <class name="Scripts.Test2">
        <test-method signature="tcl()[pri:0, instance:Scripts.Test2@3c130745]" started-at="2023-05-21T15:08:17 IST" name="tcl" finished-at="2023-05-21T15:08:17 IST" duration-ms="17" status="PASS">
          <reporter-output>
            <line>
              <![CDATA[Hello pyton]]>
            </line>
          </reporter-output>
        </test-method> <!-- tcl -->
      </class> <!-- Scripts.Test2 -->
      <class name="Scripts.Test3">
        <test-method signature="tcl()[pri:0, instance:Scripts.Test3@17046283]" started-at="2023-05-21T15:08:17 IST" name="tcl" finished-at="2023-05-21T15:08:17 IST" duration-ms="4" status="PASS">
          <reporter-output>
            <line>
              <![CDATA[Hello python selenoium]]>
            </line>
          </reporter-output>
        </test-method> <!-- tcl -->
      </class> <!-- Scripts.Test3 -->
    </test> <!-- Test -->
  </suite> <!-- Suite -->
</testng-results>
